INFO:     Will watch for changes in these directories: ['/Users/a.fernandes/Desktop/DirectDebitAPI']
INFO:     Uvicorn running on http://0.0.0.0:8002 (Press CTRL+C to quit)
INFO:     Started reloader process [51596] using WatchFiles
INFO:     Started server process [51604]
INFO:     Waiting for application startup.
INFO:     Application startup complete.
INFO:     127.0.0.1:61657 - "GET / HTTP/1.1" 200 OK
INFO:     127.0.0.1:61659 - "GET /api/v1/submissions HTTP/1.1" 200 OK
INFO:     127.0.0.1:61661 - "GET /docs HTTP/1.1" 200 OK
INFO:     127.0.0.1:61684 - "GET / HTTP/1.1" 200 OK
INFO:     127.0.0.1:61684 - "GET /favicon.ico HTTP/1.1" 404 Not Found
INFO:     127.0.0.1:61696 - "GET / HTTP/1.1" 200 OK
WARNING:  WatchFiles detected changes in 'models.py'. Reloading...
INFO:     Shutting down
INFO:     Waiting for application shutdown.
INFO:     Application shutdown complete.
INFO:     Finished server process [51604]
INFO:     Started server process [51779]
INFO:     Waiting for application startup.
INFO:     Application startup complete.
WARNING:  WatchFiles detected changes in 'main.py'. Reloading...
INFO:     Shutting down
INFO:     Waiting for application shutdown.
INFO:     Application shutdown complete.
INFO:     Finished server process [51779]
INFO:     Started server process [51781]
INFO:     Waiting for application startup.
INFO:     Application startup complete.
WARNING:  WatchFiles detected changes in 'main.py'. Reloading...
INFO:     Shutting down
INFO:     Waiting for application shutdown.
INFO:     Application shutdown complete.
INFO:     Finished server process [51781]
INFO:     Started server process [51782]
INFO:     Waiting for application startup.
INFO:     Application startup complete.
WARNING:  WatchFiles detected changes in 'pdf_generator.py'. Reloading...
INFO:     Shutting down
INFO:     Waiting for application shutdown.
INFO:     Application shutdown complete.
INFO:     Finished server process [51782]
INFO:     Started server process [51783]
INFO:     Waiting for application startup.
INFO:     Application startup complete.
INFO:     127.0.0.1:61707 - "GET / HTTP/1.1" 200 OK
INFO:     127.0.0.1:61712 - "GET / HTTP/1.1" 200 OK
WARNING:main:Email send failed for submission 1290eca7-cdfb-435b-85a5-011aa0ea3814: Email not configured. Set SMTP_USER and SMTP_PASS in your .env file.
INFO:     127.0.0.1:61713 - "POST /api/v1/submissions HTTP/1.1" 201 Created
INFO:     127.0.0.1:61713 - "GET /api/v1/submissions/1290eca7-cdfb-435b-85a5-011aa0ea3814/pdf HTTP/1.1" 200 OK
INFO:     127.0.0.1:61758 - "GET / HTTP/1.1" 200 OK
INFO:     127.0.0.1:62031 - "GET / HTTP/1.1" 200 OK
INFO:     127.0.0.1:52680 - "GET / HTTP/1.1" 200 OK
INFO:     127.0.0.1:51225 - "GET / HTTP/1.1" 200 OK
INFO:     127.0.0.1:61824 - "GET / HTTP/1.1" 200 OK
ERROR:    Exception in ASGI application
Traceback (most recent call last):
  File "/Users/a.fernandes/Library/Python/3.9/lib/python/site-packages/uvicorn/protocols/http/httptools_impl.py", line 401, in run_asgi
    result = await app(  # type: ignore[func-returns-value]
  File "/Users/a.fernandes/Library/Python/3.9/lib/python/site-packages/uvicorn/middleware/proxy_headers.py", line 70, in __call__
    return await self.app(scope, receive, send)
  File "/Users/a.fernandes/Library/Python/3.9/lib/python/site-packages/fastapi/applications.py", line 1054, in __call__
    await super().__call__(scope, receive, send)
  File "/Users/a.fernandes/Library/Python/3.9/lib/python/site-packages/starlette/applications.py", line 113, in __call__
    await self.middleware_stack(scope, receive, send)
  File "/Users/a.fernandes/Library/Python/3.9/lib/python/site-packages/starlette/middleware/errors.py", line 187, in __call__
    raise exc
  File "/Users/a.fernandes/Library/Python/3.9/lib/python/site-packages/starlette/middleware/errors.py", line 165, in __call__
    await self.app(scope, receive, _send)
  File "/Users/a.fernandes/Library/Python/3.9/lib/python/site-packages/starlette/middleware/cors.py", line 85, in __call__
    await self.app(scope, receive, send)
  File "/Users/a.fernandes/Library/Python/3.9/lib/python/site-packages/starlette/middleware/exceptions.py", line 62, in __call__
    await wrap_app_handling_exceptions(self.app, conn)(scope, receive, send)
  File "/Users/a.fernandes/Library/Python/3.9/lib/python/site-packages/starlette/_exception_handler.py", line 62, in wrapped_app
    raise exc
  File "/Users/a.fernandes/Library/Python/3.9/lib/python/site-packages/starlette/_exception_handler.py", line 51, in wrapped_app
    await app(scope, receive, sender)
  File "/Users/a.fernandes/Library/Python/3.9/lib/python/site-packages/starlette/routing.py", line 715, in __call__
    await self.middleware_stack(scope, receive, send)
  File "/Users/a.fernandes/Library/Python/3.9/lib/python/site-packages/starlette/routing.py", line 735, in app
    await route.handle(scope, receive, send)
  File "/Users/a.fernandes/Library/Python/3.9/lib/python/site-packages/starlette/routing.py", line 288, in handle
    await self.app(scope, receive, send)
  File "/Users/a.fernandes/Library/Python/3.9/lib/python/site-packages/starlette/routing.py", line 76, in app
    await wrap_app_handling_exceptions(app, request)(scope, receive, send)
  File "/Users/a.fernandes/Library/Python/3.9/lib/python/site-packages/starlette/_exception_handler.py", line 62, in wrapped_app
    raise exc
  File "/Users/a.fernandes/Library/Python/3.9/lib/python/site-packages/starlette/_exception_handler.py", line 51, in wrapped_app
    await app(scope, receive, sender)
  File "/Users/a.fernandes/Library/Python/3.9/lib/python/site-packages/starlette/routing.py", line 74, in app
    await response(scope, receive, send)
  File "/Users/a.fernandes/Library/Python/3.9/lib/python/site-packages/starlette/responses.py", line 333, in __call__
    async with await anyio.open_file(self.path, mode="rb") as file:
  File "/Users/a.fernandes/Library/Python/3.9/lib/python/site-packages/anyio/_core/_fileio.py", line 187, in open_file
    fp = await to_thread.run_sync(
  File "/Users/a.fernandes/Library/Python/3.9/lib/python/site-packages/anyio/to_thread.py", line 63, in run_sync
    return await get_async_backend().run_sync_in_worker_thread(
  File "/Users/a.fernandes/Library/Python/3.9/lib/python/site-packages/anyio/_backends/_asyncio.py", line 2502, in run_sync_in_worker_thread
    return await future
  File "/Users/a.fernandes/Library/Python/3.9/lib/python/site-packages/anyio/_backends/_asyncio.py", line 986, in run
    result = context.run(func, *args)
PermissionError: [Errno 1] Operation not permitted: 'static/index.html'
INFO:     127.0.0.1:61833 - "GET / HTTP/1.1" 200 OK
ERROR:    Exception in ASGI application
Traceback (most recent call last):
  File "/Users/a.fernandes/Library/Python/3.9/lib/python/site-packages/uvicorn/protocols/http/httptools_impl.py", line 401, in run_asgi
    result = await app(  # type: ignore[func-returns-value]
  File "/Users/a.fernandes/Library/Python/3.9/lib/python/site-packages/uvicorn/middleware/proxy_headers.py", line 70, in __call__
    return await self.app(scope, receive, send)
  File "/Users/a.fernandes/Library/Python/3.9/lib/python/site-packages/fastapi/applications.py", line 1054, in __call__
    await super().__call__(scope, receive, send)
  File "/Users/a.fernandes/Library/Python/3.9/lib/python/site-packages/starlette/applications.py", line 113, in __call__
    await self.middleware_stack(scope, receive, send)
  File "/Users/a.fernandes/Library/Python/3.9/lib/python/site-packages/starlette/middleware/errors.py", line 187, in __call__
    raise exc
  File "/Users/a.fernandes/Library/Python/3.9/lib/python/site-packages/starlette/middleware/errors.py", line 165, in __call__
    await self.app(scope, receive, _send)
  File "/Users/a.fernandes/Library/Python/3.9/lib/python/site-packages/starlette/middleware/cors.py", line 85, in __call__
    await self.app(scope, receive, send)
  File "/Users/a.fernandes/Library/Python/3.9/lib/python/site-packages/starlette/middleware/exceptions.py", line 62, in __call__
    await wrap_app_handling_exceptions(self.app, conn)(scope, receive, send)
  File "/Users/a.fernandes/Library/Python/3.9/lib/python/site-packages/starlette/_exception_handler.py", line 62, in wrapped_app
    raise exc
  File "/Users/a.fernandes/Library/Python/3.9/lib/python/site-packages/starlette/_exception_handler.py", line 51, in wrapped_app
    await app(scope, receive, sender)
  File "/Users/a.fernandes/Library/Python/3.9/lib/python/site-packages/starlette/routing.py", line 715, in __call__
    await self.middleware_stack(scope, receive, send)
  File "/Users/a.fernandes/Library/Python/3.9/lib/python/site-packages/starlette/routing.py", line 735, in app
    await route.handle(scope, receive, send)
  File "/Users/a.fernandes/Library/Python/3.9/lib/python/site-packages/starlette/routing.py", line 288, in handle
    await self.app(scope, receive, send)
  File "/Users/a.fernandes/Library/Python/3.9/lib/python/site-packages/starlette/routing.py", line 76, in app
    await wrap_app_handling_exceptions(app, request)(scope, receive, send)
  File "/Users/a.fernandes/Library/Python/3.9/lib/python/site-packages/starlette/_exception_handler.py", line 62, in wrapped_app
    raise exc
  File "/Users/a.fernandes/Library/Python/3.9/lib/python/site-packages/starlette/_exception_handler.py", line 51, in wrapped_app
    await app(scope, receive, sender)
  File "/Users/a.fernandes/Library/Python/3.9/lib/python/site-packages/starlette/routing.py", line 74, in app
    await response(scope, receive, send)
  File "/Users/a.fernandes/Library/Python/3.9/lib/python/site-packages/starlette/responses.py", line 333, in __call__
    async with await anyio.open_file(self.path, mode="rb") as file:
  File "/Users/a.fernandes/Library/Python/3.9/lib/python/site-packages/anyio/_core/_fileio.py", line 187, in open_file
    fp = await to_thread.run_sync(
  File "/Users/a.fernandes/Library/Python/3.9/lib/python/site-packages/anyio/to_thread.py", line 63, in run_sync
    return await get_async_backend().run_sync_in_worker_thread(
  File "/Users/a.fernandes/Library/Python/3.9/lib/python/site-packages/anyio/_backends/_asyncio.py", line 2502, in run_sync_in_worker_thread
    return await future
  File "/Users/a.fernandes/Library/Python/3.9/lib/python/site-packages/anyio/_backends/_asyncio.py", line 986, in run
    result = context.run(func, *args)
PermissionError: [Errno 1] Operation not permitted: 'static/index.html'
INFO:     Shutting down
INFO:     Waiting for application shutdown.
INFO:     Application shutdown complete.
INFO:     Finished server process [51783]
INFO:     Stopping reloader process [51596]
Starting Direct Debit Request API on http://localhost:8002
INFO:     Will watch for changes in these directories: ['/Users/a.fernandes/Desktop/DirectDebitAPI']
INFO:     Uvicorn running on http://0.0.0.0:8002 (Press CTRL+C to quit)
INFO:     Started reloader process [48412] using WatchFiles
INFO:     Started server process [48414]
INFO:     Waiting for application startup.
INFO:     Application startup complete.
