INFO:     Will watch for changes in these directories: ['/Users/a.fernandes/Desktop/RepaymentChangeAPI']
INFO:     Uvicorn running on http://0.0.0.0:8003 (Press CTRL+C to quit)
INFO:     Started reloader process [52188] using WatchFiles
INFO:     Started server process [52190]
INFO:     Waiting for application startup.
INFO:     Application startup complete.
INFO:     127.0.0.1:61805 - "GET / HTTP/1.1" 200 OK
INFO:     127.0.0.1:61811 - "GET /api/v1/submissions HTTP/1.1" 200 OK
INFO:     127.0.0.1:61813 - "GET /docs HTTP/1.1" 200 OK
INFO:     127.0.0.1:61830 - "GET / HTTP/1.1" 200 OK
INFO:     127.0.0.1:61830 - "GET /favicon.ico HTTP/1.1" 404 Not Found
INFO:     127.0.0.1:62027 - "GET / HTTP/1.1" 200 OK
INFO:     127.0.0.1:51236 - "GET / HTTP/1.1" 200 OK
INFO:     127.0.0.1:62023 - "GET / HTTP/1.1" 200 OK
ERROR:    Exception in ASGI application
Traceback (most recent call last):
  File "/Users/a.fernandes/Library/Python/3.9/lib/python/site-packages/uvicorn/protocols/http/httptools_impl.py", line 401, in run_asgi
    result = await app(  # type: ignore[func-returns-value]
  File "/Users/a.fernandes/Library/Python/3.9/lib/python/site-packages/uvicorn/middleware/proxy_headers.py", line 70, in __call__
    return await self.app(scope, receive, send)
  File "/Users/a.fernandes/Library/Python/3.9/lib/python/site-packages/fastapi/applications.py", line 1054, in __call__
    await super().__call__(scope, receive, send)
  File "/Users/a.fernandes/Library/Python/3.9/lib/python/site-packages/starlette/applications.py", line 113, in __call__
    await self.middleware_stack(scope, receive, send)
  File "/Users/a.fernandes/Library/Python/3.9/lib/python/site-packages/starlette/middleware/errors.py", line 187, in __call__
    raise exc
  File "/Users/a.fernandes/Library/Python/3.9/lib/python/site-packages/starlette/middleware/errors.py", line 165, in __call__
    await self.app(scope, receive, _send)
  File "/Users/a.fernandes/Library/Python/3.9/lib/python/site-packages/starlette/middleware/cors.py", line 85, in __call__
    await self.app(scope, receive, send)
  File "/Users/a.fernandes/Library/Python/3.9/lib/python/site-packages/starlette/middleware/exceptions.py", line 62, in __call__
    await wrap_app_handling_exceptions(self.app, conn)(scope, receive, send)
  File "/Users/a.fernandes/Library/Python/3.9/lib/python/site-packages/starlette/_exception_handler.py", line 62, in wrapped_app
    raise exc
  File "/Users/a.fernandes/Library/Python/3.9/lib/python/site-packages/starlette/_exception_handler.py", line 51, in wrapped_app
    await app(scope, receive, sender)
  File "/Users/a.fernandes/Library/Python/3.9/lib/python/site-packages/starlette/routing.py", line 715, in __call__
    await self.middleware_stack(scope, receive, send)
  File "/Users/a.fernandes/Library/Python/3.9/lib/python/site-packages/starlette/routing.py", line 735, in app
    await route.handle(scope, receive, send)
  File "/Users/a.fernandes/Library/Python/3.9/lib/python/site-packages/starlette/routing.py", line 288, in handle
    await self.app(scope, receive, send)
  File "/Users/a.fernandes/Library/Python/3.9/lib/python/site-packages/starlette/routing.py", line 76, in app
    await wrap_app_handling_exceptions(app, request)(scope, receive, send)
  File "/Users/a.fernandes/Library/Python/3.9/lib/python/site-packages/starlette/_exception_handler.py", line 62, in wrapped_app
    raise exc
  File "/Users/a.fernandes/Library/Python/3.9/lib/python/site-packages/starlette/_exception_handler.py", line 51, in wrapped_app
    await app(scope, receive, sender)
  File "/Users/a.fernandes/Library/Python/3.9/lib/python/site-packages/starlette/routing.py", line 74, in app
    await response(scope, receive, send)
  File "/Users/a.fernandes/Library/Python/3.9/lib/python/site-packages/starlette/responses.py", line 333, in __call__
    async with await anyio.open_file(self.path, mode="rb") as file:
  File "/Users/a.fernandes/Library/Python/3.9/lib/python/site-packages/anyio/_core/_fileio.py", line 187, in open_file
    fp = await to_thread.run_sync(
  File "/Users/a.fernandes/Library/Python/3.9/lib/python/site-packages/anyio/to_thread.py", line 63, in run_sync
    return await get_async_backend().run_sync_in_worker_thread(
  File "/Users/a.fernandes/Library/Python/3.9/lib/python/site-packages/anyio/_backends/_asyncio.py", line 2502, in run_sync_in_worker_thread
    return await future
  File "/Users/a.fernandes/Library/Python/3.9/lib/python/site-packages/anyio/_backends/_asyncio.py", line 986, in run
    result = context.run(func, *args)
PermissionError: [Errno 1] Operation not permitted: 'static/index.html'
INFO:     Shutting down
INFO:     Waiting for application shutdown.
INFO:     Application shutdown complete.
INFO:     Finished server process [52190]
INFO:     Stopping reloader process [52188]
INFO:     Will watch for changes in these directories: ['/Users/a.fernandes/Desktop/RepaymentChangeAPI']
INFO:     Uvicorn running on http://0.0.0.0:8003 (Press CTRL+C to quit)
INFO:     Started reloader process [48378] using WatchFiles
INFO:     Started server process [48381]
INFO:     Waiting for application startup.
INFO:     Application startup complete.
INFO:     127.0.0.1:62107 - "GET / HTTP/1.1" 200 OK
